<?xml version="1.0" encoding="UTF-8"?>
<testsuite xmlns:xsi="http://www.w3.org/2001/XMLSchema-instance" xsi:noNamespaceSchemaLocation="https://maven.apache.org/surefire/maven-surefire-plugin/xsd/surefire-test-report-3.0.xsd" version="3.0" name="inmetrics.runner.Runner" time="48.091" tests="21" errors="0" skipped="0" failures="2">
  <properties>
[...]
</properties>
  <testcase name="Dado que informo: email:&quot;api@inmetrics.com&quot;, empregadoId:&quot;17&quot;, password: &quot;&quot;." classname="| api@inmetrics.com | 17 |  | password: must not be blaank |" time="0.002">
    <system-out><![CDATA[#language: pt
#utf-8
@all @post
Funcionalidade: Cadastrar de empregado.
  
  Objetivo: 
  		Cadastrar novo empregado

  @post
  Esquema do Cenário: Incluir Empregado utilizando metodo POST                               # adicionarEmpregado.feature:10
    Dado que informo: email:"<e_mail>", empregadoId:"<empregadoId>", password: "<password>".
    Entao valido as mensagens de retorno: "<mensagensRetorno>".

    Exemplos: 
Status code: 400
]]></system-out>
    <system-err><![CDATA[SLF4J: Failed to load class "org.slf4j.impl.StaticLoggerBinder".
SLF4J: Defaulting to no-operation (NOP) logger implementation
SLF4J: See http://www.slf4j.org/codes.html#StaticLoggerBinder for further details.
]]></system-err>
  </testcase>
  <testcase name="Entao valido as mensagens de retorno: &quot;password: must not be blaank&quot;." classname="| api@inmetrics.com | 17 |  | password: must not be blaank |" time="0.016">
    <failure message="expected:&lt;...ord: must not be bla[a]nk&gt; but was:&lt;...ord: must not be bla[]nk&gt;" type="org.junit.ComparisonFailure"><![CDATA[org.junit.ComparisonFailure: expected:<...ord: must not be bla[a]nk> but was:<...ord: must not be bla[]nk>
]]></failure>
  </testcase>
  <testcase name="" classname="| api@inmetrics.com | 17 |  | password: must not be blaank |" time="0.021">
    <failure message="expected:&lt;...ord: must not be bla[a]nk&gt; but was:&lt;...ord: must not be bla[]nk&gt;" type="org.junit.ComparisonFailure"><![CDATA[org.junit.ComparisonFailure: expected:<...ord: must not be bla[a]nk> but was:<...ord: must not be bla[]nk>
]]></failure>
  </testcase>
  <testcase name="Dado que informo: email:&quot;api@inmetrics.com&quot;, empregadoId:&quot;&quot;, password: &quot;senha17&quot;." classname="| api@inmetrics.com |  | senha17 | empregadoId: must not be null |" time="0">
    <system-out><![CDATA[
  @post @all
  Esquema do Cenário: Incluir Empregado utilizando metodo POST                   # adicionarEmpregado.feature:16
    Dado que informo: email:"api@inmetrics.com", empregadoId:"17", password: "". # CadastroSteps.queInformoEmailEmpregadoIdPassword(String,String,String)
    Entao valido as mensagens de retorno: "password: must not be blaank".        # CadastroSteps.validoAsMensagensDeRetorno(String)
      org.junit.ComparisonFailure: expected:<...ord: must not be bla[a]nk> but was:<...ord: must not be bla[]nk>
      	at org.junit.Assert.assertEquals(Assert.java:117)
      	at org.junit.Assert.assertEquals(Assert.java:146)
      	at inmetrics.test.validations.ValidacaoMensagens.mensagemCadastroUsuario(ValidacaoMensagens.java:13)
      	at stepdefinition.CadastroSteps.validoAsMensagensDeRetorno(CadastroSteps.java:20)
      	at ?.Entao valido as mensagens de retorno: "password: must not be blaank".(adicionarEmpregado.feature:12)

Status code: 400
]]></system-out>
  </testcase>
  <testcase name="Entao valido as mensagens de retorno: &quot;empregadoId: must not be null&quot;." classname="| api@inmetrics.com |  | senha17 | empregadoId: must not be null |" time="0"/>
  <testcase name="" classname="| api@inmetrics.com |  | senha17 | empregadoId: must not be null |" time="0"/>
  <testcase name="Dado que informo: email:&quot;api@&quot;, empregadoId:&quot;17&quot;, password: &quot;senha17&quot;." classname="| api@ | 17 | senha17 | email: must be a well-formed email address |" time="0">
    <system-out><![CDATA[
  @post @all
  Esquema do Cenário: Incluir Empregado utilizando metodo POST                        # adicionarEmpregado.feature:17
    Dado que informo: email:"api@inmetrics.com", empregadoId:"", password: "senha17". # CadastroSteps.queInformoEmailEmpregadoIdPassword(String,String,String)
    Entao valido as mensagens de retorno: "empregadoId: must not be null".            # CadastroSteps.validoAsMensagensDeRetorno(String)
Status code: 400
]]></system-out>
  </testcase>
  <testcase name="Entao valido as mensagens de retorno: &quot;email: must be a well-formed email address&quot;." classname="| api@ | 17 | senha17 | email: must be a well-formed email address |" time="0"/>
  <testcase name="" classname="| api@ | 17 | senha17 | email: must be a well-formed email address |" time="0"/>
  <testcase name="Dado que consulto um empregado cadastrado com acessoID &quot;1&quot;." classname="| 1 | teste@inmetrics.com.br |" time="0">
    <system-out><![CDATA[
  @post @all
  Esquema do Cenário: Incluir Empregado utilizando metodo POST                          # adicionarEmpregado.feature:18
    Dado que informo: email:"api@", empregadoId:"17", password: "senha17".              # CadastroSteps.queInformoEmailEmpregadoIdPassword(String,String,String)
    Entao valido as mensagens de retorno: "email: must be a well-formed email address". # CadastroSteps.validoAsMensagensDeRetorno(String)
#language: pt
#utf-8
@all @get
Funcionalidade: Consulta de empregado.
  
  Objetivo: 
  		CONSULTAR empregado

  @get
  Esquema do Cenário: Consultar empregado utilizando metodo GET              # consultarEmpregado.feature:11
    Dado que consulto um empregado cadastrado com acessoID "<acessoID>".
    Entao valido as mensagens de retorno de consulta: "<mensagensConsulta>".

    Exemplos: 
teste@inmetrics.com.br
]]></system-out>
  </testcase>
  <testcase name="Entao valido as mensagens de retorno de consulta: &quot;teste@inmetrics.com.br&quot;." classname="| 1 | teste@inmetrics.com.br |" time="0.002"/>
  <testcase name="" classname="| 1 | teste@inmetrics.com.br |" time="0.003"/>
  <testcase name="Dado que consulto um empregado cadastrado com acessoID &quot;88&quot;." classname="| 88 | Acesso não cadastrado |" time="0">
    <system-out><![CDATA[
  @get @all
  Esquema do Cenário: Consultar empregado utilizando metodo GET                 # consultarEmpregado.feature:17
    Dado que consulto um empregado cadastrado com acessoID "1".                 # ConsultaSteps.queConsultoUmEmpregadoCadastradoComAcessoID(String)
    Entao valido as mensagens de retorno de consulta: "teste@inmetrics.com.br". # ConsultaSteps.validoAsMensagensDeRetornoDeConsulta(String)

Acesso não cadastrado
Status code: 400
]]></system-out>
  </testcase>
  <testcase name="Entao valido as mensagens de retorno de consulta: &quot;Acesso não cadastrado&quot;." classname="| 88 | Acesso não cadastrado |" time="0"/>
  <testcase name="" classname="| 88 | Acesso não cadastrado |" time="0"/>
  <testcase name="Dado que excluo um empregado cadastrado com acessoID &quot;500&quot;." classname="| 500 | Acesso não cadastrado |" time="0.003">
    <system-out><![CDATA[
  @get @all
  Esquema do Cenário: Consultar empregado utilizando metodo GET                # consultarEmpregado.feature:18
    Dado que consulto um empregado cadastrado com acessoID "88".               # ConsultaSteps.queConsultoUmEmpregadoCadastradoComAcessoID(String)
    Entao valido as mensagens de retorno de consulta: "Acesso não cadastrado". # ConsultaSteps.validoAsMensagensDeRetornoDeConsulta(String)
#language: pt
#utf-8
@all @delete
Funcionalidade: Exclusao de empregado.
  
  Objetivo: 
  		EXCLUIR empregado

  @delete
  Esquema do Cenário: Excluir empregado utilizando metodo DELETE             # excluirEmpregado.feature:11
    Dado que excluo um empregado cadastrado com acessoID "<acessoID>".
    Entao valido as mensagens de retorno de exclusao: "<mensagensExclusao>".

    Exemplos: 
]]></system-out>
  </testcase>
  <testcase name="Entao valido as mensagens de retorno de exclusao: &quot;Acesso não cadastrado&quot;." classname="| 500 | Acesso não cadastrado |" time="0.003"/>
  <testcase name="" classname="| 500 | Acesso não cadastrado |" time="0.004"/>
  <testcase name="Dado que excluo um empregado cadastrado com acessoID &quot;1&quot;." classname="| 1 | Deletado |" time="0">
    <system-out><![CDATA[
  @delete @all
  Esquema do Cenário: Excluir empregado utilizando metodo DELETE               # excluirEmpregado.feature:17
    Dado que excluo um empregado cadastrado com acessoID "500".                # ExclusaoSteps.queExcluoUmEmpregadoCadastradoComAcessoID(String)
    Entao valido as mensagens de retorno de exclusao: "Acesso não cadastrado". # ExclusaoSteps.validoAsMensagensDeRetornoDeExclusao(String)
]]></system-out>
  </testcase>
  <testcase name="Entao valido as mensagens de retorno de exclusao: &quot;Deletado&quot;." classname="| 1 | Deletado |" time="0"/>
  <testcase name="" classname="| 1 | Deletado |" time="0"/>
</testsuite>